#
# A fatal error has been detected by the Java Runtime Environment:
#
#  Internal Error (javaClasses.cpp:136), pid=24288, tid=139835302287104
#  fatal error: Invalid layout of preloaded class
#
# JRE version:  (7.0_76-b13) (build )
# Java VM: Java HotSpot(TM) 64-Bit Server VM (24.76-b04 mixed mode linux-amd64 compressed oops)
# Failed to write core dump. Core dumps have been disabled. To enable core dumping, try "ulimit -c unlimited" before starting Java again
#
# If you would like to submit a bug report, please visit:
#   http://bugreport.java.com/bugreport/crash.jsp
#

---------------  T H R E A D  ---------------

Current thread (0x00007f2de800a000):  JavaThread "Unknown thread" [_thread_in_vm, id=24295, stack(0x00007f2df1751000,0x00007f2df1852000)]

Stack: [0x00007f2df1751000,0x00007f2df1852000],  sp=0x00007f2df18507b0,  free space=1021k
Native frames: (J=compiled Java code, j=interpreted, Vv=VM code, C=native code)
V  [libjvm.so+0x9a32ba]  VMError::report_and_die()+0x2ea
V  [libjvm.so+0x498339]  report_fatal(char const*, int, char const*)+0x59
V  [libjvm.so+0x607465]  compute_offset(int&, klassOopDesc*, Symbol*, Symbol*, bool)+0x135
V  [libjvm.so+0x608509]  java_lang_String::compute_offsets()+0x49
V  [libjvm.so+0x9291e5]  SystemDictionary::initialize_preloaded_classes(Thread*)+0x235
V  [libjvm.so+0x976bc4]  Universe::genesis(Thread*)+0x494
V  [libjvm.so+0x977079]  universe2_init()+0x29
V  [libjvm.so+0x5b1d7d]  init_globals()+0xbd
V  [libjvm.so+0x95dc4d]  Threads::create_vm(JavaVMInitArgs*, bool*)+0x1ed
V  [libjvm.so+0x639fe4]  JNI_CreateJavaVM+0x74
C  [libjli.so+0x2f8e]  JavaMain+0x9e


---------------  P R O C E S S  ---------------

Java Threads: ( => current thread )

Other Threads:

=>0x00007f2de800a000 (exited) JavaThread "Unknown thread" [_thread_in_vm, id=24295, stack(0x00007f2df1751000,0x00007f2df1852000)]

VM state:not at safepoint (not fully initialized)

VM Mutex/Monitor currently owned by a thread: None

GC Heap History (0 events):
No events

Deoptimization events (0 events):
No events

Internal exceptions (0 events):
No events

Events (10 events):
Event: 0.640 loading class 0x00007f2de4f7d710 done
Event: 0.640 loading class 0x00007f2de4f7d110 done
Event: 0.640 loading class 0x00007f2de4f7d0f0
Event: 0.640 loading class 0x00007f2de4f852a0
Event: 0.640 loading class 0x00007f2de4f852a0 done
Event: 0.640 loading class 0x00007f2de4f852d0
Event: 0.640 loading class 0x00007f2de4f852d0 done
Event: 0.640 loading class 0x00007f2de4f85300
Event: 0.640 loading class 0x00007f2de4f85300 done
Event: 0.641 loading class 0x00007f2de4f7d0f0 done


Dynamic libraries:
00400000-00401000 r-xp 00000000 08:02 15861137                           /usr/lib/jvm/java-7-oracle/bin/java
00600000-00601000 rw-p 00000000 08:02 15861137                           /usr/lib/jvm/java-7-oracle/bin/java
01961000-01982000 rw-p 00000000 00:00 0                                  [heap]
bec00000-c0100000 rw-p 00000000 00:00 0 
c0100000-c3e00000 rw-p 00000000 00:00 0 
c3e00000-c6600000 rw-p 00000000 00:00 0 
c6600000-ebf00000 rw-p 00000000 00:00 0 
ebf00000-ed300000 rw-p 00000000 00:00 0 
ed300000-100000000 rw-p 00000000 00:00 0 
7f2dc8000000-7f2dc8021000 rw-p 00000000 00:00 0 
7f2dc8021000-7f2dcc000000 ---p 00000000 00:00 0 
7f2dd0000000-7f2dd0021000 rw-p 00000000 00:00 0 
7f2dd0021000-7f2dd4000000 ---p 00000000 00:00 0 
7f2dd8000000-7f2dd8021000 rw-p 00000000 00:00 0 
7f2dd8021000-7f2ddc000000 ---p 00000000 00:00 0 
7f2de0000000-7f2de0021000 rw-p 00000000 00:00 0 
7f2de0021000-7f2de4000000 ---p 00000000 00:00 0 
7f2de4b9e000-7f2de4e11000 rw-p 00000000 00:00 0 
7f2de4e11000-7f2de4f07000 r--s 017b0000 08:02 17827372                   /home/abdul_wahid/Desktop/Android/sdk/platforms/android-21/android.jar
7f2de4f07000-7f2de5000000 rw-p 00000000 00:00 0 
7f2de5000000-7f2de5270000 rwxp 00000000 00:00 0 
7f2de5270000-7f2de8056000 rw-p 00000000 00:00 0 
7f2de8056000-7f2dec000000 ---p 00000000 00:00 0 
7f2dec01b000-7f2dee2c5000 rw-p 00000000 00:00 0 
7f2dee2c5000-7f2dee2c6000 ---p 00000000 00:00 0 
7f2dee2c6000-7f2dee3c6000 rw-p 00000000 00:00 0                          [stack:24299]
7f2dee3c6000-7f2dee3c7000 ---p 00000000 00:00 0 
7f2dee3c7000-7f2dee4c7000 rw-p 00000000 00:00 0                          [stack:24298]
7f2dee4c7000-7f2dee4c8000 ---p 00000000 00:00 0 
7f2dee4c8000-7f2dee5c8000 rw-p 00000000 00:00 0                          [stack:24297]
7f2dee5c8000-7f2dee5c9000 ---p 00000000 00:00 0 
7f2dee5c9000-7f2dee6d4000 rw-p 00000000 00:00 0                          [stack:24296]
7f2dee6d4000-7f2dee6f2000 rw-p 00000000 00:00 0 
7f2dee6f2000-7f2dee706000 rw-p 00000000 00:00 0 
7f2dee706000-7f2dee833000 rw-p 00000000 00:00 0 
7f2dee833000-7f2dee83e000 rw-p 00000000 00:00 0 
7f2dee83e000-7f2dee85c000 rw-p 00000000 00:00 0 
7f2dee85c000-7f2dee870000 rw-p 00000000 00:00 0 
7f2dee870000-7f2dee99c000 rw-p 00000000 00:00 0 
7f2dee99c000-7f2dee9a7000 rw-p 00000000 00:00 0 
7f2dee9a7000-7f2deea3d000 rw-p 00000000 00:00 0 
7f2deea3d000-7f2deea3e000 rw-p 00000000 00:00 0 
7f2deea3e000-7f2deea58000 r-xp 00000000 08:02 15870718                   /usr/lib/jvm/java-7-oracle/jre/lib/amd64/libzip.so
7f2deea58000-7f2deec58000 ---p 0001a000 08:02 15870718                   /usr/lib/jvm/java-7-oracle/jre/lib/amd64/libzip.so
7f2deec58000-7f2deec59000 rw-p 0001a000 08:02 15870718                   /usr/lib/jvm/java-7-oracle/jre/lib/amd64/libzip.so
7f2deec59000-7f2deec64000 r-xp 00000000 08:02 14811528                   /lib/x86_64-linux-gnu/libnss_files-2.19.so
7f2deec64000-7f2deee63000 ---p 0000b000 08:02 14811528                   /lib/x86_64-linux-gnu/libnss_files-2.19.so
7f2deee63000-7f2deee64000 r--p 0000a000 08:02 14811528                   /lib/x86_64-linux-gnu/libnss_files-2.19.so
7f2deee64000-7f2deee65000 rw-p 0000b000 08:02 14811528                   /lib/x86_64-linux-gnu/libnss_files-2.19.so
7f2deee65000-7f2deee70000 r-xp 00000000 08:02 14811530                   /lib/x86_64-linux-gnu/libnss_nis-2.19.so
7f2deee70000-7f2def06f000 ---p 0000b000 08:02 14811530                   /lib/x86_64-linux-gnu/libnss_nis-2.19.so
7f2def06f000-7f2def070000 r--p 0000a000 08:02 14811530                   /lib/x86_64-linux-gnu/libnss_nis-2.19.so
7f2def070000-7f2def071000 rw-p 0000b000 08:02 14811530                   /lib/x86_64-linux-gnu/libnss_nis-2.19.so
7f2def071000-7f2def088000 r-xp 00000000 08:02 14811506                   /lib/x86_64-linux-gnu/libnsl-2.19.so
7f2def088000-7f2def287000 ---p 00017000 08:02 14811506                   /lib/x86_64-linux-gnu/libnsl-2.19.so
7f2def287000-7f2def288000 r--p 00016000 08:02 14811506                   /lib/x86_64-linux-gnu/libnsl-2.19.so
7f2def288000-7f2def289000 rw-p 00017000 08:02 14811506                   /lib/x86_64-linux-gnu/libnsl-2.19.so
7f2def289000-7f2def28b000 rw-p 00000000 00:00 0 
7f2def28b000-7f2def294000 r-xp 00000000 08:02 14811509                   /lib/x86_64-linux-gnu/libnss_compat-2.19.so
7f2def294000-7f2def493000 ---p 00009000 08:02 14811509                   /lib/x86_64-linux-gnu/libnss_compat-2.19.so
7f2def493000-7f2def494000 r--p 00008000 08:02 14811509                   /lib/x86_64-linux-gnu/libnss_compat-2.19.so
7f2def494000-7f2def495000 rw-p 00009000 08:02 14811509                   /lib/x86_64-linux-gnu/libnss_compat-2.19.so
7f2def495000-7f2def4be000 r-xp 00000000 08:02 15870701                   /usr/lib/jvm/java-7-oracle/jre/lib/amd64/libjava.so
7f2def4be000-7f2def6be000 ---p 00029000 08:02 15870701                   /usr/lib/jvm/java-7-oracle/jre/lib/amd64/libjava.so
7f2def6be000-7f2def6c0000 rw-p 00029000 08:02 15870701                   /usr/lib/jvm/java-7-oracle/jre/lib/amd64/libjava.so
7f2def6c0000-7f2def6cd000 r-xp 00000000 08:02 15870663                   /usr/lib/jvm/java-7-oracle/jre/lib/amd64/libverify.so
7f2def6cd000-7f2def8cc000 ---p 0000d000 08:02 15870663                   /usr/lib/jvm/java-7-oracle/jre/lib/amd64/libverify.so
7f2def8cc000-7f2def8ce000 rw-p 0000c000 08:02 15870663                   /usr/lib/jvm/java-7-oracle/jre/lib/amd64/libverify.so
7f2def8ce000-7f2def8d5000 r-xp 00000000 08:02 14811531                   /lib/x86_64-linux-gnu/librt-2.19.so
7f2def8d5000-7f2defad4000 ---p 00007000 08:02 14811531                   /lib/x86_64-linux-gnu/librt-2.19.so
7f2defad4000-7f2defad5000 r--p 00006000 08:02 14811531                   /lib/x86_64-linux-gnu/librt-2.19.so
7f2defad5000-7f2defad6000 rw-p 00007000 08:02 14811531                   /lib/x86_64-linux-gnu/librt-2.19.so
7f2defad6000-7f2defbdb000 r-xp 00000000 08:02 14811502                   /lib/x86_64-linux-gnu/libm-2.19.so
7f2defbdb000-7f2defdda000 ---p 00105000 08:02 14811502                   /lib/x86_64-linux-gnu/libm-2.19.so
7f2defdda000-7f2defddb000 r--p 00104000 08:02 14811502                   /lib/x86_64-linux-gnu/libm-2.19.so
7f2defddb000-7f2defddc000 rw-p 00105000 08:02 14811502                   /lib/x86_64-linux-gnu/libm-2.19.so
7f2defddc000-7f2df0951000 r-xp 00000000 08:02 15870677                   /usr/lib/jvm/java-7-oracle/jre/lib/amd64/server/libjvm.so
7f2df0951000-7f2df0b51000 ---p 00b75000 08:02 15870677                   /usr/lib/jvm/java-7-oracle/jre/lib/amd64/server/libjvm.so
7f2df0b51000-7f2df0c15000 rw-p 00b75000 08:02 15870677                   /usr/lib/jvm/java-7-oracle/jre/lib/amd64/server/libjvm.so
7f2df0c15000-7f2df0c56000 rw-p 00000000 00:00 0 
7f2df0c56000-7f2df0e10000 r-xp 00000000 08:02 14811529                   /lib/x86_64-linux-gnu/libc-2.19.so
7f2df0e10000-7f2df100f000 ---p 001ba000 08:02 14811529                   /lib/x86_64-linux-gnu/libc-2.19.so
7f2df100f000-7f2df1013000 r--p 001b9000 08:02 14811529                   /lib/x86_64-linux-gnu/libc-2.19.so
7f2df1013000-7f2df1015000 rw-p 001bd000 08:02 14811529                   /lib/x86_64-linux-gnu/libc-2.19.so
7f2df1015000-7f2df101a000 rw-p 00000000 00:00 0 
7f2df101a000-7f2df101d000 r-xp 00000000 08:02 14811511                   /lib/x86_64-linux-gnu/libdl-2.19.so
7f2df101d000-7f2df121c000 ---p 00003000 08:02 14811511                   /lib/x86_64-linux-gnu/libdl-2.19.so
7f2df121c000-7f2df121d000 r--p 00002000 08:02 14811511                   /lib/x86_64-linux-gnu/libdl-2.19.so
7f2df121d000-7f2df121e000 rw-p 00003000 08:02 14811511                   /lib/x86_64-linux-gnu/libdl-2.19.so
7f2df121e000-7f2df1234000 r-xp 00000000 08:02 11276826                   /usr/lib/jvm/java-7-oracle/lib/amd64/jli/libjli.so
7f2df1234000-7f2df1434000 ---p 00016000 08:02 11276826                   /usr/lib/jvm/java-7-oracle/lib/amd64/jli/libjli.so
7f2df1434000-7f2df1435000 rw-p 00016000 08:02 11276826                   /usr/lib/jvm/java-7-oracle/lib/amd64/jli/libjli.so
7f2df1435000-7f2df144e000 r-xp 00000000 08:02 14811516                   /lib/x86_64-linux-gnu/libpthread-2.19.so
7f2df144e000-7f2df164d000 ---p 00019000 08:02 14811516                   /lib/x86_64-linux-gnu/libpthread-2.19.so
7f2df164d000-7f2df164e000 r--p 00018000 08:02 14811516                   /lib/x86_64-linux-gnu/libpthread-2.19.so
7f2df164e000-7f2df164f000 rw-p 00019000 08:02 14811516                   /lib/x86_64-linux-gnu/libpthread-2.19.so
7f2df164f000-7f2df1653000 rw-p 00000000 00:00 0 
7f2df1653000-7f2df1676000 r-xp 00000000 08:02 14811522                   /lib/x86_64-linux-gnu/ld-2.19.so
7f2df167c000-7f2df169b000 rw-p 00000000 00:00 0 
7f2df169b000-7f2df1751000 rw-p 00000000 00:00 0 
7f2df1751000-7f2df1754000 ---p 00000000 00:00 0 
7f2df1754000-7f2df1856000 rw-p 00000000 00:00 0                          [stack:24295]
7f2df1867000-7f2df1869000 rw-p 00000000 00:00 0 
7f2df1869000-7f2df1871000 rw-s 00000000 08:02 20321751                   /tmp/hsperfdata_abdul_wahid/24288
7f2df1871000-7f2df1872000 rw-p 00000000 00:00 0 
7f2df1872000-7f2df1873000 r--p 00000000 00:00 0 
7f2df1873000-7f2df1875000 rw-p 00000000 00:00 0 
7f2df1875000-7f2df1876000 r--p 00022000 08:02 14811522                   /lib/x86_64-linux-gnu/ld-2.19.so
7f2df1876000-7f2df1877000 rw-p 00023000 08:02 14811522                   /lib/x86_64-linux-gnu/ld-2.19.so
7f2df1877000-7f2df1878000 rw-p 00000000 00:00 0 
7fffa9681000-7fffa96a2000 rw-p 00000000 00:00 0                          [stack]
7fffa9718000-7fffa971a000 r-xp 00000000 00:00 0                          [vdso]
7fffa971a000-7fffa971c000 r--p 00000000 00:00 0                          [vvar]
ffffffffff600000-ffffffffff601000 r-xp 00000000 00:00 0                  [vsyscall]

VM Arguments:
jvm_args: -Dfile.encoding=UTF-8 -Xbootclasspath:/home/abdul_wahid/Desktop/Android/sdk/platforms/android-21/android.jar 
java_command: cs1.softwareProject.explore.bubbleSort
Launcher Type: SUN_STANDARD

Environment Variables:
PATH=/usr/local/sbin:/usr/local/bin:/usr/sbin:/usr/bin:/sbin:/bin:/usr/games:/usr/local/games
SHELL=/bin/bash
DISPLAY=:0.0

Signal Handlers:
SIGSEGV: [libjvm.so+0x9a3bd0], sa_mask[0]=0x7ffbfeff, sa_flags=0x10000004
SIGBUS: [libjvm.so+0x9a3bd0], sa_mask[0]=0x7ffbfeff, sa_flags=0x10000004
SIGFPE: [libjvm.so+0x81cb60], sa_mask[0]=0x7ffbfeff, sa_flags=0x10000004
SIGPIPE: [libjvm.so+0x81cb60], sa_mask[0]=0x7ffbfeff, sa_flags=0x10000004
SIGXFSZ: [libjvm.so+0x81cb60], sa_mask[0]=0x7ffbfeff, sa_flags=0x10000004
SIGILL: [libjvm.so+0x81cb60], sa_mask[0]=0x7ffbfeff, sa_flags=0x10000004
SIGUSR1: SIG_DFL, sa_mask[0]=0x00000000, sa_flags=0x00000000
SIGUSR2: [libjvm.so+0x81e360], sa_mask[0]=0x00000004, sa_flags=0x10000004
SIGHUP: SIG_DFL, sa_mask[0]=0x00000000, sa_flags=0x00000000
SIGINT: SIG_DFL, sa_mask[0]=0x00000000, sa_flags=0x00000000
SIGTERM: SIG_DFL, sa_mask[0]=0x00000000, sa_flags=0x00000000
SIGQUIT: SIG_DFL, sa_mask[0]=0x00000000, sa_flags=0x00000000


---------------  S Y S T E M  ---------------

OS:jessie/sid

uname:Linux 3.16.0-31-generic #43-Ubuntu SMP Tue Mar 10 17:37:36 UTC 2015 x86_64
libc:glibc 2.19 NPTL 2.19 
rlimit: STACK 8192k, CORE 0k, NPROC 15060, NOFILE 4096, AS infinity
load average:0.19 0.40 0.56

/proc/meminfo:
MemTotal:        3934068 kB
MemFree:          559948 kB
MemAvailable:     976468 kB
Buffers:           38032 kB
Cached:           729764 kB
SwapCached:        38840 kB
Active:          1991372 kB
Inactive:        1110504 kB
Active(anon):    1707656 kB
Inactive(anon):   866248 kB
Active(file):     283716 kB
Inactive(file):   244256 kB
Unevictable:         144 kB
Mlocked:             144 kB
SwapTotal:       4079612 kB
SwapFree:        3409384 kB
Dirty:               264 kB
Writeback:             0 kB
AnonPages:       2326656 kB
Mapped:           391744 kB
Shmem:            239784 kB
Slab:             156492 kB
SReclaimable:     114948 kB
SUnreclaim:        41544 kB
KernelStack:       11424 kB
PageTables:        48748 kB
NFS_Unstable:          0 kB
Bounce:                0 kB
WritebackTmp:          0 kB
CommitLimit:     6046644 kB
Committed_AS:    8826708 kB
VmallocTotal:   34359738367 kB
VmallocUsed:      350152 kB
VmallocChunk:   34359295496 kB
HardwareCorrupted:     0 kB
AnonHugePages:    811008 kB
HugePages_Total:       0
HugePages_Free:        0
HugePages_Rsvd:        0
HugePages_Surp:        0
Hugepagesize:       2048 kB
DirectMap4k:       91900 kB
DirectMap2M:     3989504 kB


CPU:total 4 (2 cores per cpu, 2 threads per core) family 6 model 58 stepping 9, cmov, cx8, fxsr, mmx, sse, sse2, sse3, ssse3, sse4.1, sse4.2, popcnt, avx, erms, ht, tsc, tscinvbit, tscinv

/proc/cpuinfo:
processor	: 0
vendor_id	: GenuineIntel
cpu family	: 6
model		: 58
model name	: Intel(R) Core(TM) i3-3110M CPU @ 2.40GHz
stepping	: 9
microcode	: 0x19
cpu MHz		: 2400.000
cache size	: 3072 KB
physical id	: 0
siblings	: 4
core id		: 0
cpu cores	: 2
apicid		: 0
initial apicid	: 0
fpu		: yes
fpu_exception	: yes
cpuid level	: 13
wp		: yes
flags		: fpu vme de pse tsc msr pae mce cx8 apic sep mtrr pge mca cmov pat pse36 clflush dts acpi mmx fxsr sse sse2 ss ht tm pbe syscall nx rdtscp lm constant_tsc arch_perfmon pebs bts rep_good nopl xtopology nonstop_tsc aperfmperf eagerfpu pni pclmulqdq dtes64 monitor ds_cpl vmx est tm2 ssse3 cx16 xtpr pdcm pcid sse4_1 sse4_2 x2apic popcnt tsc_deadline_timer xsave avx f16c lahf_lm arat epb xsaveopt pln pts dtherm tpr_shadow vnmi flexpriority ept vpid fsgsbase smep erms
bogomips	: 4789.13
clflush size	: 64
cache_alignment	: 64
address sizes	: 36 bits physical, 48 bits virtual
power management:

processor	: 1
vendor_id	: GenuineIntel
cpu family	: 6
model		: 58
model name	: Intel(R) Core(TM) i3-3110M CPU @ 2.40GHz
stepping	: 9
microcode	: 0x19
cpu MHz		: 2400.000
cache size	: 3072 KB
physical id	: 0
siblings	: 4
core id		: 0
cpu cores	: 2
apicid		: 1
initial apicid	: 1
fpu		: yes
fpu_exception	: yes
cpuid level	: 13
wp		: yes
flags		: fpu vme de pse tsc msr pae mce cx8 apic sep mtrr pge mca cmov pat pse36 clflush dts acpi mmx fxsr sse sse2 ss ht tm pbe syscall nx rdtscp lm constant_tsc arch_perfmon pebs bts rep_good nopl xtopology nonstop_tsc aperfmperf eagerfpu pni pclmulqdq dtes64 monitor ds_cpl vmx est tm2 ssse3 cx16 xtpr pdcm pcid sse4_1 sse4_2 x2apic popcnt tsc_deadline_timer xsave avx f16c lahf_lm arat epb xsaveopt pln pts dtherm tpr_shadow vnmi flexpriority ept vpid fsgsbase smep erms
bogomips	: 4789.13
clflush size	: 64
cache_alignment	: 64
address sizes	: 36 bits physical, 48 bits virtual
power management:

processor	: 2
vendor_id	: GenuineIntel
cpu family	: 6
model		: 58
model name	: Intel(R) Core(TM) i3-3110M CPU @ 2.40GHz
stepping	: 9
microcode	: 0x19
cpu MHz		: 2400.000
cache size	: 3072 KB
physical id	: 0
siblings	: 4
core id		: 1
cpu cores	: 2
apicid		: 2
initial apicid	: 2
fpu		: yes
fpu_exception	: yes
cpuid level	: 13
wp		: yes
flags		: fpu vme de pse tsc msr pae mce cx8 apic sep mtrr pge mca cmov pat pse36 clflush dts acpi mmx fxsr sse sse2 ss ht tm pbe syscall nx rdtscp lm constant_tsc arch_perfmon pebs bts rep_good nopl xtopology nonstop_tsc aperfmperf eagerfpu pni pclmulqdq dtes64 monitor ds_cpl vmx est tm2 ssse3 cx16 xtpr pdcm pcid sse4_1 sse4_2 x2apic popcnt tsc_deadline_timer xsave avx f16c lahf_lm arat epb xsaveopt pln pts dtherm tpr_shadow vnmi flexpriority ept vpid fsgsbase smep erms
bogomips	: 4789.13
clflush size	: 64
cache_alignment	: 64
address sizes	: 36 bits physical, 48 bits virtual
power management:

processor	: 3
vendor_id	: GenuineIntel
cpu family	: 6
model		: 58
model name	: Intel(R) Core(TM) i3-3110M CPU @ 2.40GHz
stepping	: 9
microcode	: 0x19
cpu MHz		: 2400.000
cache size	: 3072 KB
physical id	: 0
siblings	: 4
core id		: 1
cpu cores	: 2
apicid		: 3
initial apicid	: 3
fpu		: yes
fpu_exception	: yes
cpuid level	: 13
wp		: yes
flags		: fpu vme de pse tsc msr pae mce cx8 apic sep mtrr pge mca cmov pat pse36 clflush dts acpi mmx fxsr sse sse2 ss ht tm pbe syscall nx rdtscp lm constant_tsc arch_perfmon pebs bts rep_good nopl xtopology nonstop_tsc aperfmperf eagerfpu pni pclmulqdq dtes64 monitor ds_cpl vmx est tm2 ssse3 cx16 xtpr pdcm pcid sse4_1 sse4_2 x2apic popcnt tsc_deadline_timer xsave avx f16c lahf_lm arat epb xsaveopt pln pts dtherm tpr_shadow vnmi flexpriority ept vpid fsgsbase smep erms
bogomips	: 4789.13
clflush size	: 64
cache_alignment	: 64
address sizes	: 36 bits physical, 48 bits virtual
power management:



Memory: 4k page, physical 3934068k(559948k free), swap 4079612k(3409384k free)

vm_info: Java HotSpot(TM) 64-Bit Server VM (24.76-b04) for linux-amd64 JRE (1.7.0_76-b13), built on Dec 18 2014 16:58:39 by "java_re" with gcc 4.3.0 20080428 (Red Hat 4.3.0-8)

time: Sun Mar 22 00:21:55 2015
elapsed time: 0 seconds

